<?xml version="1.0" encoding="UTF-8"?>
<!-- Generated by org.testng.reporters.JUnitReportReporter -->
<testsuite hostname="D-113194529" failures="0" tests="1" name="TC003_RestAssuredPutRequest" time="4.056" errors="0" timestamp="2020-06-08T10:36:21 IST" skipped="0">
  <testcase classname="TC003_RestAssuredPutRequest" name="Put__PostMan_request" time="4.056"/>
  <system-out/>
</testsuite> <!-- TC003_RestAssuredPutRequest -->
