<?xml version="1.0" encoding="UTF-8"?>
<!-- Generated by org.testng.reporters.JUnitReportReporter -->
<testsuite hostname="D-113194529" failures="0" tests="1" name="TC002_RestAssuredPostRequest" time="4.619" errors="0" timestamp="2020-06-08T10:28:29 IST" skipped="0">
  <testcase classname="TC002_RestAssuredPostRequest" name="Post__PostMan_data" time="4.619"/>
  <system-out/>
</testsuite> <!-- TC002_RestAssuredPostRequest -->
