<?xml version="1.0" encoding="UTF-8"?>
<!-- Generated by org.testng.reporters.JUnitReportReporter -->
<testsuite hostname="D-113194529" failures="0" tests="1" name="TC005_RestAssuredAuthenticationRequest" time="3.262" errors="0" timestamp="2020-06-09T08:52:00 IST" skipped="0">
  <testcase classname="TC005_RestAssuredAuthenticationRequest" name="testAuthenticationFlow" time="3.262"/>
  <system-out/>
</testsuite> <!-- TC005_RestAssuredAuthenticationRequest -->
